# JRE version: OpenJDK Runtime Environment Temurin-21.0.6+7 (21.0.6+7) (build 21.0.6+7-LTS)
# Java VM: OpenJDK 64-Bit Server VM Temurin-21.0.6+7 (21.0.6+7-LTS, mixed mode, emulated-client, sharing, tiered, compressed oops, compressed class ptrs, g1 gc, windows-amd64)
GC Precious Log:
 CardTable entry size: 512
 Card Set container configuration: InlinePtr #cards 5 size 8 Array Of Cards #cards 12 size 40 Howl #buckets 4 coarsen threshold 1843 Howl Bitmap #cards 512 size 80 coarsen threshold 460 Card regions per heap region 1 cards per card region 2048
 CPUs: 4 total, 4 available
 Memory: 7934M
 Large Page Support: Disabled
 NUMA Support: Disabled
 Compressed Oops: Enabled (32-bit)
 Heap Region Size: 1M
 Heap Min Capacity: 8M
 Heap Initial Capacity: 124M
 Heap Max Capacity: 1984M
 Pre-touch: Disabled
 Parallel Workers: 4
 Concurrent Workers: 1
 Concurrent Refinement Workers: 4
 Periodic GC: Disabled
Heap:
 garbage-first heap   total 82944K, used 43120K [0x0000000084000000, 0x0000000100000000)
  region size 1024K, 12 young (12288K), 5 survivors (5120K)
 Metaspace       used 60416K, committed 61056K, reserved 1114112K
  class space    used 8411K, committed 8704K, reserved 1048576K
GC Heap History (20 events):
Event: 1.268 GC heap before
{Heap before GC invocations=1 (full 0):
 garbage-first heap   total 126976K, used 18925K [0x0000000084000000, 0x0000000100000000)
  region size 1024K, 11 young (11264K), 2 survivors (2048K)
 Metaspace       used 6637K, committed 6912K, reserved 1114112K
  class space    used 788K, committed 896K, reserved 1048576K
}
Event: 1.276 GC heap after
{Heap after GC invocations=2 (full 0):
 garbage-first heap   total 126976K, used 11485K [0x0000000084000000, 0x0000000100000000)
  region size 1024K, 2 young (2048K), 2 survivors (2048K)
 Metaspace       used 6637K, committed 6912K, reserved 1114112K
  class space    used 788K, committed 896K, reserved 1048576K
}
Event: 2.220 GC heap before
{Heap before GC invocations=2 (full 0):
 garbage-first heap   total 126976K, used 37085K [0x0000000084000000, 0x0000000100000000)
  region size 1024K, 24 young (24576K), 2 survivors (2048K)
 Metaspace       used 10668K, committed 10944K, reserved 1114112K
  class space    used 1308K, committed 1408K, reserved 1048576K
}
Event: 2.233 GC heap after
{Heap after GC invocations=3 (full 0):
 garbage-first heap   total 126976K, used 15360K [0x0000000084000000, 0x0000000100000000)
  region size 1024K, 3 young (3072K), 3 survivors (3072K)
 Metaspace       used 10668K, committed 10944K, reserved 1114112K
  class space    used 1308K, committed 1408K, reserved 1048576K
}
Event: 4.581 GC heap before
{Heap before GC invocations=3 (full 0):
 garbage-first heap   total 126976K, used 61440K [0x0000000084000000, 0x0000000100000000)
  region size 1024K, 50 young (51200K), 3 survivors (3072K)
 Metaspace       used 21126K, committed 21504K, reserved 1114112K
  class space    used 2727K, committed 2944K, reserved 1048576K
}
Event: 4.594 GC heap after
{Heap after GC invocations=4 (full 0):
 garbage-first heap   total 126976K, used 19723K [0x0000000084000000, 0x0000000100000000)
  region size 1024K, 8 young (8192K), 8 survivors (8192K)
 Metaspace       used 21126K, committed 21504K, reserved 1114112K
  class space    used 2727K, committed 2944K, reserved 1048576K
}
Event: 5.775 GC heap before
{Heap before GC invocations=5 (full 0):
 garbage-first heap   total 68608K, used 51467K [0x0000000084000000, 0x0000000100000000)
  region size 1024K, 40 young (40960K), 8 survivors (8192K)
 Metaspace       used 23323K, committed 23744K, reserved 1114112K
  class space    used 2998K, committed 3200K, reserved 1048576K
}
Event: 5.792 GC heap after
{Heap after GC invocations=6 (full 0):
 garbage-first heap   total 68608K, used 23071K [0x0000000084000000, 0x0000000100000000)
  region size 1024K, 4 young (4096K), 4 survivors (4096K)
 Metaspace       used 23323K, committed 23744K, reserved 1114112K
  class space    used 2998K, committed 3200K, reserved 1048576K
}
Event: 7.937 GC heap before
{Heap before GC invocations=6 (full 0):
 garbage-first heap   total 68608K, used 50719K [0x0000000084000000, 0x0000000100000000)
  region size 1024K, 31 young (31744K), 4 survivors (4096K)
 Metaspace       used 25728K, committed 26112K, reserved 1114112K
  class space    used 3374K, committed 3584K, reserved 1048576K
}
Event: 7.950 GC heap after
{Heap after GC invocations=7 (full 0):
 garbage-first heap   total 82944K, used 25454K [0x0000000084000000, 0x0000000100000000)
  region size 1024K, 3 young (3072K), 3 survivors (3072K)
 Metaspace       used 25728K, committed 26112K, reserved 1114112K
  class space    used 3374K, committed 3584K, reserved 1048576K
}
Event: 9.975 GC heap before
{Heap before GC invocations=7 (full 0):
 garbage-first heap   total 82944K, used 66414K [0x0000000084000000, 0x0000000100000000)
  region size 1024K, 43 young (44032K), 3 survivors (3072K)
 Metaspace       used 31983K, committed 32512K, reserved 1114112K
  class space    used 4341K, committed 4608K, reserved 1048576K
}
Event: 9.988 GC heap after
{Heap after GC invocations=8 (full 0):
 garbage-first heap   total 82944K, used 28119K [0x0000000084000000, 0x0000000100000000)
  region size 1024K, 5 young (5120K), 5 survivors (5120K)
 Metaspace       used 31983K, committed 32512K, reserved 1114112K
  class space    used 4341K, committed 4608K, reserved 1048576K
}
Event: 11.366 GC heap before
{Heap before GC invocations=8 (full 0):
 garbage-first heap   total 82944K, used 52695K [0x0000000084000000, 0x0000000100000000)
  region size 1024K, 30 young (30720K), 5 survivors (5120K)
 Metaspace       used 35380K, committed 35968K, reserved 1114112K
  class space    used 4812K, committed 5120K, reserved 1048576K
}
Event: 11.383 GC heap after
{Heap after GC invocations=9 (full 0):
 garbage-first heap   total 82944K, used 30085K [0x0000000084000000, 0x0000000100000000)
  region size 1024K, 5 young (5120K), 5 survivors (5120K)
 Metaspace       used 35380K, committed 35968K, reserved 1114112K
  class space    used 4812K, committed 5120K, reserved 1048576K
}
Event: 14.696 GC heap before
{Heap before GC invocations=10 (full 0):
 garbage-first heap   total 82944K, used 71045K [0x0000000084000000, 0x0000000100000000)
  region size 1024K, 44 young (45056K), 5 survivors (5120K)
 Metaspace       used 39589K, committed 40192K, reserved 1114112K
  class space    used 5404K, committed 5696K, reserved 1048576K
}
Event: 14.706 GC heap after
{Heap after GC invocations=11 (full 0):
 garbage-first heap   total 82944K, used 32370K [0x0000000084000000, 0x0000000100000000)
  region size 1024K, 5 young (5120K), 5 survivors (5120K)
 Metaspace       used 39589K, committed 40192K, reserved 1114112K
  class space    used 5404K, committed 5696K, reserved 1048576K
}
Event: 17.456 GC heap before
{Heap before GC invocations=11 (full 0):
 garbage-first heap   total 82944K, used 71282K [0x0000000084000000, 0x0000000100000000)
  region size 1024K, 43 young (44032K), 5 survivors (5120K)
 Metaspace       used 51755K, committed 52352K, reserved 1114112K
  class space    used 7073K, committed 7360K, reserved 1048576K
}
Event: 17.468 GC heap after
{Heap after GC invocations=12 (full 0):
 garbage-first heap   total 82944K, used 35396K [0x0000000084000000, 0x0000000100000000)
  region size 1024K, 6 young (6144K), 6 survivors (6144K)
 Metaspace       used 51755K, committed 52352K, reserved 1114112K
  class space    used 7073K, committed 7360K, reserved 1048576K
}
Event: 20.556 GC heap before
{Heap before GC invocations=12 (full 0):
 garbage-first heap   total 82944K, used 64068K [0x0000000084000000, 0x0000000100000000)
  region size 1024K, 36 young (36864K), 6 survivors (6144K)
 Metaspace       used 59517K, committed 60160K, reserved 1114112K
  class space    used 8157K, committed 8448K, reserved 1048576K
}
Event: 20.566 GC heap after
{Heap after GC invocations=13 (full 0):
 garbage-first heap   total 82944K, used 36976K [0x0000000084000000, 0x0000000100000000)
  region size 1024K, 5 young (5120K), 5 survivors (5120K)
 Metaspace       used 59517K, committed 60160K, reserved 1114112K
  class space    used 8157K, committed 8448K, reserved 1048576K
}

